<?xml version="1.0" encoding="UTF-8"?>
<!-- Generated by org.testng.reporters.JUnitXMLReporter -->
<testsuite hostname="DESKTOP-22O4Q4A" ignored="0" name="login" tests="2" failures="1" timestamp="12 Aug 2021 06:08:53 GMT" time="20.93" errors="0">
  <testcase name="Test2" time="0.007" classname="org.cts.test.prog.Facebook_Login"/>
  <testcase name="test" time="0.0" classname="org.cts.test.prog.Facebook_Login">
    <failure type="org.testng.TestNGException" message="
Method public void org.cts.test.prog.Facebook_Login.test(java.lang.String,java.lang.String) requires a @DataProvider named : Datas in class org.cts.test.dataproviders.Datas">
      <![CDATA[org.testng.TestNGException: 
Method public void org.cts.test.prog.Facebook_Login.test(java.lang.String,java.lang.String) requires a @DataProvider named : Datas in class org.cts.test.dataproviders.Datas
... Removed 22 stack frames]]>
    </failure>
  </testcase> <!-- test -->
</testsuite> <!-- login -->
